<?xml version="1.0" encoding="UTF-8"?>
<TestRun id="b74ff0f3-74b2-4641-bfd9-6ce7ef9a33f5" name="Admin@D48 2017-10-10 14:09:04" runUser="D48\Admin" xmlns="http://microsoft.com/schemas/VisualStudio/TeamTest/2010">
  <TestSettings name="Local" id="061fe276-6159-4989-b5e2-49ef28c724c6">
    <Description>These are default test settings for a local test run.</Description>
    <Deployment enabled="false" runDeploymentRoot="Admin_D48 2017-10-10 14_09_04">
      <DeploymentItem filename="C:\Users\Admin\Desktop\baithuchanh\baithuchanh\bin\Debug\baithuchanh.exe" />
    </Deployment>
    <Execution>
      <TestTypeSpecific />
      <AgentRule name="Execution Agents">
      </AgentRule>
    </Execution>
  </TestSettings>
  <Times creation="2017-10-10T14:09:04.6533839+07:00" queuing="2017-10-10T14:09:04.6723850+07:00" start="2017-10-10T14:09:04.6833856+07:00" finish="2017-10-10T14:09:04.9904032+07:00" />
  <ResultSummary outcome="Failed">
    <Counters total="2" executed="2" passed="1" error="0" failed="1" timeout="0" aborted="0" inconclusive="0" passedButRunAborted="0" notRunnable="0" notExecuted="0" disconnected="0" warning="0" completed="0" inProgress="0" pending="0" />
  </ResultSummary>
  <TestDefinitions>
    <UnitTest name="TestIfnlonHon0" storage="c:\users\admin\desktop\baithuchanh\testproject1\bin\debug\testproject1.dll" id="d1cd1f79-59f7-f4aa-74da-5cd6109c4a64">
      <Execution id="18ae6940-bff9-4024-9e5d-0de73629e956" />
      <TestMethod codeBase="C:/Users/Admin/Desktop/baithuchanh/TestProject1/bin/Debug/TestProject1.DLL" adapterTypeName="Microsoft.VisualStudio.TestTools.TestTypes.Unit.UnitTestAdapter, Microsoft.VisualStudio.QualityTools.Tips.UnitTest.Adapter, Version=10.0.0.0, Culture=neutral, PublicKeyToken=b03f5f7f11d50a3a" className="TestProject1.UnitTest1, TestProject1, Version=1.0.0.0, Culture=neutral, PublicKeyToken=null" name="TestIfnlonHon0" />
    </UnitTest>
    <UnitTest name="TestIfnbang0" storage="c:\users\admin\desktop\baithuchanh\testproject1\bin\debug\testproject1.dll" id="3e908de4-f17f-4162-dafd-44cbf2912ce6">
      <Execution id="90af0a15-3f0b-4e99-8f77-4453212f473d" />
      <TestMethod codeBase="C:/Users/Admin/Desktop/baithuchanh/TestProject1/bin/Debug/TestProject1.DLL" adapterTypeName="Microsoft.VisualStudio.TestTools.TestTypes.Unit.UnitTestAdapter, Microsoft.VisualStudio.QualityTools.Tips.UnitTest.Adapter, Version=10.0.0.0, Culture=neutral, PublicKeyToken=b03f5f7f11d50a3a" className="TestProject1.UnitTest1, TestProject1, Version=1.0.0.0, Culture=neutral, PublicKeyToken=null" name="TestIfnbang0" />
    </UnitTest>
  </TestDefinitions>
  <TestLists>
    <TestList name="Results Not in a List" id="8c84fa94-04c1-424b-9868-57a2d4851a1d" />
    <TestList name="All Loaded Results" id="19431567-8539-422a-85d7-44ee4e166bda" />
  </TestLists>
  <TestEntries>
    <TestEntry testId="3e908de4-f17f-4162-dafd-44cbf2912ce6" executionId="90af0a15-3f0b-4e99-8f77-4453212f473d" testListId="8c84fa94-04c1-424b-9868-57a2d4851a1d" />
    <TestEntry testId="d1cd1f79-59f7-f4aa-74da-5cd6109c4a64" executionId="18ae6940-bff9-4024-9e5d-0de73629e956" testListId="8c84fa94-04c1-424b-9868-57a2d4851a1d" />
  </TestEntries>
  <Results>
    <UnitTestResult executionId="90af0a15-3f0b-4e99-8f77-4453212f473d" testId="3e908de4-f17f-4162-dafd-44cbf2912ce6" testName="TestIfnbang0" computerName="D48" duration="00:00:00.0131516" startTime="2017-10-10T14:09:04.7213878+07:00" endTime="2017-10-10T14:09:04.9203992+07:00" testType="13cdc9d9-ddb5-4fa4-a97d-d965ccfc6d4b" outcome="Passed" testListId="8c84fa94-04c1-424b-9868-57a2d4851a1d" relativeResultsDirectory="90af0a15-3f0b-4e99-8f77-4453212f473d">
    </UnitTestResult>
    <UnitTestResult executionId="18ae6940-bff9-4024-9e5d-0de73629e956" testId="d1cd1f79-59f7-f4aa-74da-5cd6109c4a64" testName="TestIfnlonHon0" computerName="D48" duration="00:00:00.0125815" startTime="2017-10-10T14:09:04.9293997+07:00" endTime="2017-10-10T14:09:04.9544011+07:00" testType="13cdc9d9-ddb5-4fa4-a97d-d965ccfc6d4b" outcome="Failed" testListId="8c84fa94-04c1-424b-9868-57a2d4851a1d" relativeResultsDirectory="18ae6940-bff9-4024-9e5d-0de73629e956">
      <Output>
        <ErrorInfo>
          <Message>Assert.AreEqual failed. Expected:&lt;25&gt;. Actual:&lt;2&gt;. </Message>
          <StackTrace>   at TestProject1.UnitTest1.TestIfnlonHon0() in C:\Users\Admin\Desktop\baithuchanh\TestProject1\UnitTest1.cs:line 26
</StackTrace>
        </ErrorInfo>
      </Output>
    </UnitTestResult>
  </Results>
</TestRun>