<?xml version="1.0" encoding="UTF-8"?>
<TestRun id="03552c24-aefe-4d21-b70e-88642ea92b77" name="Admin@D48 2017-10-10 14:10:24" runUser="D48\Admin" xmlns="http://microsoft.com/schemas/VisualStudio/TeamTest/2010">
  <TestSettings name="Local" id="061fe276-6159-4989-b5e2-49ef28c724c6">
    <Description>These are default test settings for a local test run.</Description>
    <Deployment enabled="false" runDeploymentRoot="Admin_D48 2017-10-10 14_10_24">
      <DeploymentItem filename="C:\Users\Admin\Desktop\baithuchanh\baithuchanh\bin\Debug\baithuchanh.exe" />
    </Deployment>
    <Execution>
      <TestTypeSpecific />
      <AgentRule name="Execution Agents">
      </AgentRule>
    </Execution>
  </TestSettings>
  <Times creation="2017-10-10T14:10:24.9439763+07:00" queuing="2017-10-10T14:10:24.9629774+07:00" start="2017-10-10T14:10:24.9779782+07:00" finish="2017-10-10T14:10:25.3109973+07:00" />
  <ResultSummary outcome="Failed">
    <Counters total="3" executed="3" passed="1" error="0" failed="2" timeout="0" aborted="0" inconclusive="0" passedButRunAborted="0" notRunnable="0" notExecuted="0" disconnected="0" warning="0" completed="0" inProgress="0" pending="0" />
  </ResultSummary>
  <TestDefinitions>
    <UnitTest name="TestIfnbeHon0" storage="c:\users\admin\desktop\baithuchanh\testproject1\bin\debug\testproject1.dll" id="7868a087-159f-70f7-8928-ee8776e38cc1">
      <Execution id="ce4feee5-3601-4181-80d9-bfed72c6e9d8" />
      <TestMethod codeBase="C:/Users/Admin/Desktop/baithuchanh/TestProject1/bin/Debug/TestProject1.DLL" adapterTypeName="Microsoft.VisualStudio.TestTools.TestTypes.Unit.UnitTestAdapter, Microsoft.VisualStudio.QualityTools.Tips.UnitTest.Adapter, Version=10.0.0.0, Culture=neutral, PublicKeyToken=b03f5f7f11d50a3a" className="TestProject1.UnitTest1, TestProject1, Version=1.0.0.0, Culture=neutral, PublicKeyToken=null" name="TestIfnbeHon0" />
    </UnitTest>
    <UnitTest name="TestIfnbang0" storage="c:\users\admin\desktop\baithuchanh\testproject1\bin\debug\testproject1.dll" id="3e908de4-f17f-4162-dafd-44cbf2912ce6">
      <Execution id="734de966-4491-48fb-84d9-d0e264fdf621" />
      <TestMethod codeBase="C:/Users/Admin/Desktop/baithuchanh/TestProject1/bin/Debug/TestProject1.DLL" adapterTypeName="Microsoft.VisualStudio.TestTools.TestTypes.Unit.UnitTestAdapter, Microsoft.VisualStudio.QualityTools.Tips.UnitTest.Adapter, Version=10.0.0.0, Culture=neutral, PublicKeyToken=b03f5f7f11d50a3a" className="TestProject1.UnitTest1, TestProject1, Version=1.0.0.0, Culture=neutral, PublicKeyToken=null" name="TestIfnbang0" />
    </UnitTest>
    <UnitTest name="TestIfnlonHon0" storage="c:\users\admin\desktop\baithuchanh\testproject1\bin\debug\testproject1.dll" id="d1cd1f79-59f7-f4aa-74da-5cd6109c4a64">
      <Execution id="0b2c8d06-9076-4376-bab1-20b486a76ca0" />
      <TestMethod codeBase="C:/Users/Admin/Desktop/baithuchanh/TestProject1/bin/Debug/TestProject1.DLL" adapterTypeName="Microsoft.VisualStudio.TestTools.TestTypes.Unit.UnitTestAdapter, Microsoft.VisualStudio.QualityTools.Tips.UnitTest.Adapter, Version=10.0.0.0, Culture=neutral, PublicKeyToken=b03f5f7f11d50a3a" className="TestProject1.UnitTest1, TestProject1, Version=1.0.0.0, Culture=neutral, PublicKeyToken=null" name="TestIfnlonHon0" />
    </UnitTest>
  </TestDefinitions>
  <TestLists>
    <TestList name="Results Not in a List" id="8c84fa94-04c1-424b-9868-57a2d4851a1d" />
    <TestList name="All Loaded Results" id="19431567-8539-422a-85d7-44ee4e166bda" />
  </TestLists>
  <TestEntries>
    <TestEntry testId="3e908de4-f17f-4162-dafd-44cbf2912ce6" executionId="734de966-4491-48fb-84d9-d0e264fdf621" testListId="8c84fa94-04c1-424b-9868-57a2d4851a1d" />
    <TestEntry testId="7868a087-159f-70f7-8928-ee8776e38cc1" executionId="ce4feee5-3601-4181-80d9-bfed72c6e9d8" testListId="8c84fa94-04c1-424b-9868-57a2d4851a1d" />
    <TestEntry testId="d1cd1f79-59f7-f4aa-74da-5cd6109c4a64" executionId="0b2c8d06-9076-4376-bab1-20b486a76ca0" testListId="8c84fa94-04c1-424b-9868-57a2d4851a1d" />
  </TestEntries>
  <Results>
    <UnitTestResult executionId="734de966-4491-48fb-84d9-d0e264fdf621" testId="3e908de4-f17f-4162-dafd-44cbf2912ce6" testName="TestIfnbang0" computerName="D48" duration="00:00:00.0138477" startTime="2017-10-10T14:10:25.0249809+07:00" endTime="2017-10-10T14:10:25.2229922+07:00" testType="13cdc9d9-ddb5-4fa4-a97d-d965ccfc6d4b" outcome="Passed" testListId="8c84fa94-04c1-424b-9868-57a2d4851a1d" relativeResultsDirectory="734de966-4491-48fb-84d9-d0e264fdf621">
    </UnitTestResult>
    <UnitTestResult executionId="ce4feee5-3601-4181-80d9-bfed72c6e9d8" testId="7868a087-159f-70f7-8928-ee8776e38cc1" testName="TestIfnbeHon0" computerName="D48" duration="00:00:00.0154631" startTime="2017-10-10T14:10:25.2299926+07:00" endTime="2017-10-10T14:10:25.2499938+07:00" testType="13cdc9d9-ddb5-4fa4-a97d-d965ccfc6d4b" outcome="Failed" testListId="8c84fa94-04c1-424b-9868-57a2d4851a1d" relativeResultsDirectory="ce4feee5-3601-4181-80d9-bfed72c6e9d8">
      <Output>
        <ErrorInfo>
          <Message>Assert.AreEqual failed. Expected:&lt;0&gt;. Actual:&lt;0.2&gt;. </Message>
          <StackTrace>   at TestProject1.UnitTest1.TestIfnbeHon0() in C:\Users\Admin\Desktop\baithuchanh\TestProject1\UnitTest1.cs:line 33
</StackTrace>
        </ErrorInfo>
      </Output>
    </UnitTestResult>
    <UnitTestResult executionId="0b2c8d06-9076-4376-bab1-20b486a76ca0" testId="d1cd1f79-59f7-f4aa-74da-5cd6109c4a64" testName="TestIfnlonHon0" computerName="D48" duration="00:00:00.0050660" startTime="2017-10-10T14:10:25.2589943+07:00" endTime="2017-10-10T14:10:25.2749952+07:00" testType="13cdc9d9-ddb5-4fa4-a97d-d965ccfc6d4b" outcome="Failed" testListId="8c84fa94-04c1-424b-9868-57a2d4851a1d" relativeResultsDirectory="0b2c8d06-9076-4376-bab1-20b486a76ca0">
      <Output>
        <ErrorInfo>
          <Message>Assert.AreEqual failed. Expected:&lt;25&gt;. Actual:&lt;2&gt;. </Message>
          <StackTrace>   at TestProject1.UnitTest1.TestIfnlonHon0() in C:\Users\Admin\Desktop\baithuchanh\TestProject1\UnitTest1.cs:line 26
</StackTrace>
        </ErrorInfo>
      </Output>
    </UnitTestResult>
  </Results>
</TestRun>