<?xml version="1.0" encoding="UTF-8"?>
<TestRun id="213a7016-2839-42fb-a1c2-d031a20a953b" name="Admin@D48 2017-10-10 13:59:39" runUser="D48\Admin" xmlns="http://microsoft.com/schemas/VisualStudio/TeamTest/2010">
  <TestSettings name="Local" id="061fe276-6159-4989-b5e2-49ef28c724c6">
    <Description>These are default test settings for a local test run.</Description>
    <Deployment enabled="false" runDeploymentRoot="Admin_D48 2017-10-10 13_59_39">
      <DeploymentItem filename="C:\Users\Admin\Desktop\baithuchanh\baithuchanh\bin\Debug\baithuchanh.exe" />
    </Deployment>
    <Execution>
      <TestTypeSpecific />
      <AgentRule name="Execution Agents">
      </AgentRule>
    </Execution>
  </TestSettings>
  <Times creation="2017-10-10T13:59:39.5890641+07:00" queuing="2017-10-10T13:59:39.6050650+07:00" start="2017-10-10T13:59:39.6220660+07:00" finish="2017-10-10T13:59:39.8980818+07:00" />
  <ResultSummary outcome="Completed">
    <Counters total="1" executed="1" passed="1" error="0" failed="0" timeout="0" aborted="0" inconclusive="0" passedButRunAborted="0" notRunnable="0" notExecuted="0" disconnected="0" warning="0" completed="0" inProgress="0" pending="0" />
  </ResultSummary>
  <TestDefinitions>
    <UnitTest name="TestIfbang0" storage="c:\users\admin\desktop\baithuchanh\testproject1\bin\debug\testproject1.dll" id="44a48c90-1670-af51-1a44-9ba97e6a494d">
      <Execution id="09c6c1f7-092c-43c0-a345-c266647423c3" />
      <TestMethod codeBase="C:/Users/Admin/Desktop/baithuchanh/TestProject1/bin/Debug/TestProject1.DLL" adapterTypeName="Microsoft.VisualStudio.TestTools.TestTypes.Unit.UnitTestAdapter, Microsoft.VisualStudio.QualityTools.Tips.UnitTest.Adapter, Version=10.0.0.0, Culture=neutral, PublicKeyToken=b03f5f7f11d50a3a" className="TestProject1.UnitTest1, TestProject1, Version=1.0.0.0, Culture=neutral, PublicKeyToken=null" name="TestIfbang0" />
    </UnitTest>
  </TestDefinitions>
  <TestLists>
    <TestList name="Results Not in a List" id="8c84fa94-04c1-424b-9868-57a2d4851a1d" />
    <TestList name="All Loaded Results" id="19431567-8539-422a-85d7-44ee4e166bda" />
  </TestLists>
  <TestEntries>
    <TestEntry testId="44a48c90-1670-af51-1a44-9ba97e6a494d" executionId="09c6c1f7-092c-43c0-a345-c266647423c3" testListId="8c84fa94-04c1-424b-9868-57a2d4851a1d" />
  </TestEntries>
  <Results>
    <UnitTestResult executionId="09c6c1f7-092c-43c0-a345-c266647423c3" testId="44a48c90-1670-af51-1a44-9ba97e6a494d" testName="TestIfbang0" computerName="D48" duration="00:00:00.0131257" startTime="2017-10-10T13:59:39.6840695+07:00" endTime="2017-10-10T13:59:39.8770806+07:00" testType="13cdc9d9-ddb5-4fa4-a97d-d965ccfc6d4b" outcome="Passed" testListId="8c84fa94-04c1-424b-9868-57a2d4851a1d" relativeResultsDirectory="09c6c1f7-092c-43c0-a345-c266647423c3">
    </UnitTestResult>
  </Results>
</TestRun>