<?xml version="1.0" encoding="UTF-8"?>
<TestRun id="e89d18ec-1dd7-4d80-8b87-c47b9ba644d9" name="Admin@D48 2017-10-10 14:18:43" runUser="D48\Admin" xmlns="http://microsoft.com/schemas/VisualStudio/TeamTest/2010">
  <TestSettings name="Local" id="061fe276-6159-4989-b5e2-49ef28c724c6">
    <Description>These are default test settings for a local test run.</Description>
    <Deployment enabled="false" runDeploymentRoot="Admin_D48 2017-10-10 14_18_43">
      <DeploymentItem filename="C:\Users\Admin\Desktop\baithuchanh\baithuchanh\bin\Debug\baithuchanh.exe" />
    </Deployment>
    <Execution>
      <TestTypeSpecific />
      <AgentRule name="Execution Agents">
      </AgentRule>
    </Execution>
  </TestSettings>
  <Times creation="2017-10-10T14:18:43.1314710+07:00" queuing="2017-10-10T14:18:43.1604726+07:00" start="2017-10-10T14:18:43.1794737+07:00" finish="2017-10-10T14:18:43.4404886+07:00" />
  <ResultSummary outcome="Failed">
    <Counters total="1" executed="1" error="0" failed="1" timeout="0" aborted="0" inconclusive="0" passedButRunAborted="0" notRunnable="0" notExecuted="0" disconnected="0" warning="0" passed="0" completed="0" inProgress="0" pending="0" />
  </ResultSummary>
  <TestDefinitions>
    <UnitTest name="TestIfnlonHon0" storage="c:\users\admin\desktop\baithuchanh\testproject1\bin\debug\testproject1.dll" id="d1cd1f79-59f7-f4aa-74da-5cd6109c4a64">
      <Execution id="e82536c2-de02-46c8-a9b5-289b70941627" />
      <TestMethod codeBase="C:/Users/Admin/Desktop/baithuchanh/TestProject1/bin/Debug/TestProject1.DLL" adapterTypeName="Microsoft.VisualStudio.TestTools.TestTypes.Unit.UnitTestAdapter, Microsoft.VisualStudio.QualityTools.Tips.UnitTest.Adapter, Version=10.0.0.0, Culture=neutral, PublicKeyToken=b03f5f7f11d50a3a" className="TestProject1.UnitTest1, TestProject1, Version=1.0.0.0, Culture=neutral, PublicKeyToken=null" name="TestIfnlonHon0" />
    </UnitTest>
  </TestDefinitions>
  <TestLists>
    <TestList name="Results Not in a List" id="8c84fa94-04c1-424b-9868-57a2d4851a1d" />
    <TestList name="All Loaded Results" id="19431567-8539-422a-85d7-44ee4e166bda" />
  </TestLists>
  <TestEntries>
    <TestEntry testId="d1cd1f79-59f7-f4aa-74da-5cd6109c4a64" executionId="e82536c2-de02-46c8-a9b5-289b70941627" testListId="8c84fa94-04c1-424b-9868-57a2d4851a1d" />
  </TestEntries>
  <Results>
    <UnitTestResult executionId="e82536c2-de02-46c8-a9b5-289b70941627" testId="d1cd1f79-59f7-f4aa-74da-5cd6109c4a64" testName="TestIfnlonHon0" computerName="D48" duration="00:00:00.0273066" startTime="2017-10-10T14:18:43.1884742+07:00" endTime="2017-10-10T14:18:43.4034865+07:00" testType="13cdc9d9-ddb5-4fa4-a97d-d965ccfc6d4b" outcome="Failed" testListId="8c84fa94-04c1-424b-9868-57a2d4851a1d" relativeResultsDirectory="e82536c2-de02-46c8-a9b5-289b70941627">
      <Output>
        <ErrorInfo>
          <Message>Assert.AreEqual failed. Expected:&lt;25&gt;. Actual:&lt;125&gt;. </Message>
          <StackTrace>   at TestProject1.UnitTest1.TestIfnlonHon0() in C:\Users\Admin\Desktop\baithuchanh\TestProject1\UnitTest1.cs:line 26
</StackTrace>
        </ErrorInfo>
      </Output>
    </UnitTestResult>
  </Results>
</TestRun>