<?xml version="1.0" encoding="UTF-8"?>
<TestRun id="c1459105-0f03-478f-8034-c0e6a429494f" name="Admin@D48 2017-10-10 14:06:34" runUser="D48\Admin" xmlns="http://microsoft.com/schemas/VisualStudio/TeamTest/2010">
  <TestSettings name="Local" id="061fe276-6159-4989-b5e2-49ef28c724c6">
    <Description>These are default test settings for a local test run.</Description>
    <Deployment enabled="false" runDeploymentRoot="Admin_D48 2017-10-10 14_06_34">
      <DeploymentItem filename="C:\Users\Admin\Desktop\baithuchanh\baithuchanh\bin\Debug\baithuchanh.exe" />
    </Deployment>
    <Execution>
      <TestTypeSpecific />
      <AgentRule name="Execution Agents">
      </AgentRule>
    </Execution>
  </TestSettings>
  <Times creation="2017-10-10T14:06:34.1187738+07:00" queuing="2017-10-10T14:06:34.1487755+07:00" start="2017-10-10T14:06:34.1617763+07:00" finish="2017-10-10T14:06:34.4087904+07:00" />
  <ResultSummary outcome="Completed">
    <Counters total="1" executed="1" passed="1" error="0" failed="0" timeout="0" aborted="0" inconclusive="0" passedButRunAborted="0" notRunnable="0" notExecuted="0" disconnected="0" warning="0" completed="0" inProgress="0" pending="0" />
  </ResultSummary>
  <TestDefinitions>
    <UnitTest name="TestIfnbang0" storage="c:\users\admin\desktop\baithuchanh\testproject1\bin\debug\testproject1.dll" id="3e908de4-f17f-4162-dafd-44cbf2912ce6">
      <Execution id="2673a21f-0dac-4c04-9606-6a28243858aa" />
      <TestMethod codeBase="C:/Users/Admin/Desktop/baithuchanh/TestProject1/bin/Debug/TestProject1.DLL" adapterTypeName="Microsoft.VisualStudio.TestTools.TestTypes.Unit.UnitTestAdapter, Microsoft.VisualStudio.QualityTools.Tips.UnitTest.Adapter, Version=10.0.0.0, Culture=neutral, PublicKeyToken=b03f5f7f11d50a3a" className="TestProject1.UnitTest1, TestProject1, Version=1.0.0.0, Culture=neutral, PublicKeyToken=null" name="TestIfnbang0" />
    </UnitTest>
  </TestDefinitions>
  <TestLists>
    <TestList name="Results Not in a List" id="8c84fa94-04c1-424b-9868-57a2d4851a1d" />
    <TestList name="All Loaded Results" id="19431567-8539-422a-85d7-44ee4e166bda" />
  </TestLists>
  <TestEntries>
    <TestEntry testId="3e908de4-f17f-4162-dafd-44cbf2912ce6" executionId="2673a21f-0dac-4c04-9606-6a28243858aa" testListId="8c84fa94-04c1-424b-9868-57a2d4851a1d" />
  </TestEntries>
  <Results>
    <UnitTestResult executionId="2673a21f-0dac-4c04-9606-6a28243858aa" testId="3e908de4-f17f-4162-dafd-44cbf2912ce6" testName="TestIfnbang0" computerName="D48" duration="00:00:00.0132895" startTime="2017-10-10T14:06:34.1907779+07:00" endTime="2017-10-10T14:06:34.3867892+07:00" testType="13cdc9d9-ddb5-4fa4-a97d-d965ccfc6d4b" outcome="Passed" testListId="8c84fa94-04c1-424b-9868-57a2d4851a1d" relativeResultsDirectory="2673a21f-0dac-4c04-9606-6a28243858aa">
    </UnitTestResult>
  </Results>
</TestRun>