<?xml version="1.0" encoding="UTF-8"?>
<TestRun id="bf73b54a-d3ad-4190-ac13-e56986d7b2a6" name="Admin@D48 2017-10-10 13:59:17" runUser="D48\Admin" xmlns="http://microsoft.com/schemas/VisualStudio/TeamTest/2010">
  <TestSettings name="Local" id="061fe276-6159-4989-b5e2-49ef28c724c6">
    <Description>These are default test settings for a local test run.</Description>
    <Deployment enabled="false" runDeploymentRoot="Admin_D48 2017-10-10 13_59_17">
      <DeploymentItem filename="C:\Users\Admin\Desktop\baithuchanh\baithuchanh\bin\Debug\baithuchanh.exe" />
    </Deployment>
    <Execution>
      <TestTypeSpecific />
      <AgentRule name="Execution Agents">
      </AgentRule>
    </Execution>
  </TestSettings>
  <Times creation="2017-10-10T13:59:17.0827768+07:00" queuing="2017-10-10T13:59:17.0997778+07:00" start="2017-10-10T13:59:17.1217790+07:00" finish="2017-10-10T13:59:17.3957947+07:00" />
  <ResultSummary outcome="Failed">
    <Counters total="1" executed="1" error="0" failed="1" timeout="0" aborted="0" inconclusive="0" passedButRunAborted="0" notRunnable="0" notExecuted="0" disconnected="0" warning="0" passed="0" completed="0" inProgress="0" pending="0" />
  </ResultSummary>
  <TestDefinitions>
    <UnitTest name="TestIfbang0" storage="c:\users\admin\desktop\baithuchanh\testproject1\bin\debug\testproject1.dll" id="44a48c90-1670-af51-1a44-9ba97e6a494d">
      <Execution id="9d9eb608-6019-46d6-9dfc-ebf7a310cd9a" />
      <TestMethod codeBase="C:/Users/Admin/Desktop/baithuchanh/TestProject1/bin/Debug/TestProject1.DLL" adapterTypeName="Microsoft.VisualStudio.TestTools.TestTypes.Unit.UnitTestAdapter, Microsoft.VisualStudio.QualityTools.Tips.UnitTest.Adapter, Version=10.0.0.0, Culture=neutral, PublicKeyToken=b03f5f7f11d50a3a" className="TestProject1.UnitTest1, TestProject1, Version=1.0.0.0, Culture=neutral, PublicKeyToken=null" name="TestIfbang0" />
    </UnitTest>
  </TestDefinitions>
  <TestLists>
    <TestList name="Results Not in a List" id="8c84fa94-04c1-424b-9868-57a2d4851a1d" />
    <TestList name="All Loaded Results" id="19431567-8539-422a-85d7-44ee4e166bda" />
  </TestLists>
  <TestEntries>
    <TestEntry testId="44a48c90-1670-af51-1a44-9ba97e6a494d" executionId="9d9eb608-6019-46d6-9dfc-ebf7a310cd9a" testListId="8c84fa94-04c1-424b-9868-57a2d4851a1d" />
  </TestEntries>
  <Results>
    <UnitTestResult executionId="9d9eb608-6019-46d6-9dfc-ebf7a310cd9a" testId="44a48c90-1670-af51-1a44-9ba97e6a494d" testName="TestIfbang0" computerName="D48" duration="00:00:00.0268068" startTime="2017-10-10T13:59:17.1477805+07:00" endTime="2017-10-10T13:59:17.3627928+07:00" testType="13cdc9d9-ddb5-4fa4-a97d-d965ccfc6d4b" outcome="Failed" testListId="8c84fa94-04c1-424b-9868-57a2d4851a1d" relativeResultsDirectory="9d9eb608-6019-46d6-9dfc-ebf7a310cd9a">
      <Output>
        <ErrorInfo>
          <Message>Assert.AreEqual failed. Expected:&lt;1&gt;. Actual:&lt;25&gt;. </Message>
          <StackTrace>   at TestProject1.UnitTest1.TestIfbang0() in C:\Users\Admin\Desktop\baithuchanh\TestProject1\UnitTest1.cs:line 21
</StackTrace>
        </ErrorInfo>
      </Output>
    </UnitTestResult>
  </Results>
</TestRun>